<?xml version="1.0" encoding="UTF-8"?>
<!-- Generated by org.testng.reporters.JUnitReportReporter -->
<testsuite hostname="BRICKRED50" failures="0" tests="1" name="Test_api.Get_request001_test" time="2.141" errors="0" timestamp="2022-04-22T15:00:49 IST" skipped="0">
  <testcase classname="Test_api.Get_request001_test" name="getheadervalue" time="2.141"/>
  <system-out/>
</testsuite> <!-- Test_api.Get_request001_test -->
