<?xml version="1.0" encoding="UTF-8"?>
<!-- Generated by org.testng.reporters.JUnitReportReporter -->
<testsuite hostname="BRICKRED50" failures="0" tests="6" name="rest_assured_demo.Rest_assured_demooo" time="2.661" errors="0" timestamp="2022-04-22T14:48:53 IST" skipped="0">
  <testcase classname="rest_assured_demo.Rest_assured_demooo" name="getvalidateheader" time="0.059"/>
  <system-out/>
  <testcase classname="rest_assured_demo.Rest_assured_demooo" name="getallheaders" time="1.285"/>
  <system-out/>
  <testcase classname="rest_assured_demo.Rest_assured_demooo" name="getpostapicode" time="0.258"/>
  <system-out/>
  <testcase classname="rest_assured_demo.Rest_assured_demooo" name="getvalueofnode" time="0.915"/>
  <system-out/>
  <testcase classname="rest_assured_demo.Rest_assured_demooo" name="getapicode" time="0.088"/>
  <system-out/>
  <testcase classname="rest_assured_demo.Rest_assured_demooo" name="validatejsonbody" time="0.056"/>
  <system-out/>
</testsuite> <!-- rest_assured_demo.Rest_assured_demooo -->
