<?xml version="1.0" encoding="UTF-8"?>
<!-- Generated by org.testng.reporters.JUnitReportReporter -->
<testsuite hostname="BRICKRED50" failures="0" tests="2" name="pages.Get_request001" time="3.116" errors="0" timestamp="2022-04-22T12:44:23 IST" skipped="0">
  <testcase classname="pages.Get_request001" name="getvalueofnode" time="0.880"/>
  <system-out/>
  <testcase classname="pages.Get_request001" name="getRequest_1" time="2.236"/>
  <system-out/>
</testsuite> <!-- pages.Get_request001 -->
