<?xml version="1.0" encoding="UTF-8"?>
<!-- Generated by org.testng.reporters.JUnitReportReporter -->
<testsuite hostname="BRICKRED50" failures="0" tests="1" name="pages.Post_request" time="2.304" errors="0" timestamp="2022-04-22T16:28:39 IST" skipped="0">
  <testcase classname="pages.Post_request" name="postrqst" time="2.304"/>
  <system-out/>
</testsuite> <!-- pages.Post_request -->
